<?xml version="1.0" encoding="UTF-8"?>
<testsuite xmlns:xsi="http://www.w3.org/2001/XMLSchema-instance" xsi:noNamespaceSchemaLocation="https://maven.apache.org/surefire/maven-surefire-plugin/xsd/surefire-test-report.xsd" version="3.0.2" name="com.example.workspace.reservation.controller.ReservationControllerValidationTest" time="0.406" tests="13" errors="0" skipped="0" failures="0">
  <properties>
[...]
</properties>
  <testcase name="testCreateReservationMissingMultipleFieldsReturns400" classname="ReservationController - Validation and Error Handling" time="0.089">
    <system-out><![CDATA[2026-09-07T01:33:18.081-05:00  INFO 30884 --- [           main] t.c.s.AnnotationConfigContextLoaderUtils : Could not detect default configuration classes for test class [com.example.workspace.reservation.controller.ReservationControllerValidationTest]: ReservationControllerValidationTest does not declare any static, non-private, non-final, nested classes annotated with @Configuration.
2026-09-07T01:33:18.087-05:00  INFO 30884 --- [           main] .b.t.c.SpringBootTestContextBootstrapper : Found @SpringBootConfiguration com.example.workspace.reservation.WorkspaceReservationApplication for test class com.example.workspace.reservation.controller.ReservationControllerValidationTest

  .   ____          _            __ _ _
 /\\ / ___'_ __ _ _(_)_ __  __ _ \ \ \ \
( ( )\___ | '_ | '_| | '_ \/ _` | \ \ \ \
 \\/  ___)| |_)| | | | | || (_| |  ) ) ) )
  '  |____| .__|_| |_|_| |_\__, | / / / /
 =========|_|==============|___/=/_/_/_/

 :: Spring Boot ::                (v3.3.3)

2026-09-07T01:33:18.116-05:00  INFO 30884 --- [           main] .r.c.ReservationControllerValidationTest : Starting ReservationControllerValidationTest using Java 17.0.18 with PID 30884 (started by avina in C:\Users\avina\Downloads\avinash-repo\workspace-reservation-service)
2026-09-07T01:33:18.116-05:00  INFO 30884 --- [           main] .r.c.ReservationControllerValidationTest : No active profile set, falling back to 1 default profile: "default"
2026-09-07T01:33:18.243-05:00  INFO 30884 --- [           main] o.s.b.w.embedded.tomcat.TomcatWebServer  : Tomcat initialized with port 0 (http)
2026-09-07T01:33:18.244-05:00  INFO 30884 --- [           main] o.apache.catalina.core.StandardService   : Starting service [Tomcat]
2026-09-07T01:33:18.244-05:00  INFO 30884 --- [           main] o.apache.catalina.core.StandardEngine    : Starting Servlet engine: [Apache Tomcat/10.1.28]
2026-09-07T01:33:18.260-05:00  INFO 30884 --- [           main] o.a.c.c.C.[Tomcat].[localhost].[/]       : Initializing Spring embedded WebApplicationContext
2026-09-07T01:33:18.260-05:00  INFO 30884 --- [           main] w.s.c.ServletWebServerApplicationContext : Root WebApplicationContext: initialization completed in 143 ms
2026-09-07T01:33:18.305-05:00  INFO 30884 --- [           main] o.a.c.c.C.[Tomcat].[localhost].[/]       : Initializing Spring TestDispatcherServlet ''
2026-09-07T01:33:18.306-05:00  INFO 30884 --- [           main] o.s.t.web.servlet.TestDispatcherServlet  : Initializing Servlet ''
2026-09-07T01:33:18.306-05:00  INFO 30884 --- [           main] o.s.t.web.servlet.TestDispatcherServlet  : Completed initialization in 0 ms
2026-09-07T01:33:18.317-05:00  INFO 30884 --- [           main] o.s.b.w.embedded.tomcat.TomcatWebServer  : Tomcat started on port 55463 (http) with context path '/'
2026-09-07T01:33:18.321-05:00  INFO 30884 --- [           main] .r.c.ReservationControllerValidationTest : Started ReservationControllerValidationTest in 0.229 seconds (process running for 15.595)
]]></system-out>
  </testcase>
  <testcase name="testCreateReservationStartTimeAfterEndTimeReturns400" classname="ReservationController - Validation and Error Handling" time="0.005"/>
  <testcase name="testCreateReservationEmptyRequestBodyReturns400" classname="ReservationController - Validation and Error Handling" time="0.003"/>
  <testcase name="testGetReservationNonExistentIdReturns404" classname="ReservationController - Validation and Error Handling" time="0.005"/>
  <testcase name="testCreateReservationMissingEndTimeReturns400" classname="ReservationController - Validation and Error Handling" time="0.004"/>
  <testcase name="testCreateReservationMissingUserIdReturns400" classname="ReservationController - Validation and Error Handling" time="0.01"/>
  <testcase name="testCancelReservationNonExistentIdReturns404" classname="ReservationController - Validation and Error Handling" time="0.006"/>
  <testcase name="testCreateReservationMissingWorkspaceIdReturns400" classname="ReservationController - Validation and Error Handling" time="0.005"/>
  <testcase name="testCancelReservationInvalidUuidFormatReturns400" classname="ReservationController - Validation and Error Handling" time="0.003"/>
  <testcase name="testCreateReservationMissingStartTimeReturns400" classname="ReservationController - Validation and Error Handling" time="0.004"/>
  <testcase name="testGetReservationInvalidUuidFormatReturns400" classname="ReservationController - Validation and Error Handling" time="0.004"/>
  <testcase name="testCreateReservationStartTimeEqualsEndTimeReturns400" classname="ReservationController - Validation and Error Handling" time="0.003"/>
  <testcase name="testCreateReservationValidationErrorHasCorrectErrorResponseStructure" classname="ReservationController - Validation and Error Handling" time="0.003"/>
</testsuite>