<?xml version="1.0" encoding="UTF-8"?>
<testsuite xmlns:xsi="http://www.w3.org/2001/XMLSchema-instance" xsi:noNamespaceSchemaLocation="https://maven.apache.org/surefire/maven-surefire-plugin/xsd/surefire-test-report.xsd" version="3.0.2" name="com.example.workspace.reservation.controller.ReservationControllerHttpAPITest" time="14.892" tests="22" errors="0" skipped="0" failures="0">
  <properties>
[...]
</properties>
  <testcase name="testCreateReservationResponseHasCorrectStructure" classname="ReservationController - HTTP API Endpoints" time="1.388">
    <system-out><![CDATA[01:33:03.320 [main] INFO org.springframework.test.context.support.AnnotationConfigContextLoaderUtils -- Could not detect default configuration classes for test class [com.example.workspace.reservation.controller.ReservationControllerHttpAPITest]: ReservationControllerHttpAPITest does not declare any static, non-private, non-final, nested classes annotated with @Configuration.
01:33:03.444 [main] INFO org.springframework.boot.test.context.SpringBootTestContextBootstrapper -- Found @SpringBootConfiguration com.example.workspace.reservation.WorkspaceReservationApplication for test class com.example.workspace.reservation.controller.ReservationControllerHttpAPITest

  .   ____          _            __ _ _
 /\\ / ___'_ __ _ _(_)_ __  __ _ \ \ \ \
( ( )\___ | '_ | '_| | '_ \/ _` | \ \ \ \
 \\/  ___)| |_)| | | | | || (_| |  ) ) ) )
  '  |____| .__|_| |_|_| |_\__, | / / / /
 =========|_|==============|___/=/_/_/_/

 :: Spring Boot ::                (v3.3.3)

2026-09-07T01:33:03.772-05:00  INFO 30884 --- [           main] e.w.r.c.ReservationControllerHttpAPITest : Starting ReservationControllerHttpAPITest using Java 17.0.18 with PID 30884 (started by avina in C:\Users\avina\Downloads\avinash-repo\workspace-reservation-service)
2026-09-07T01:33:03.773-05:00  INFO 30884 --- [           main] e.w.r.c.ReservationControllerHttpAPITest : No active profile set, falling back to 1 default profile: "default"
2026-09-07T01:33:04.921-05:00  INFO 30884 --- [           main] o.s.b.w.embedded.tomcat.TomcatWebServer  : Tomcat initialized with port 0 (http)
2026-09-07T01:33:04.935-05:00  INFO 30884 --- [           main] o.apache.catalina.core.StandardService   : Starting service [Tomcat]
2026-09-07T01:33:04.936-05:00  INFO 30884 --- [           main] o.apache.catalina.core.StandardEngine    : Starting Servlet engine: [Apache Tomcat/10.1.28]
2026-09-07T01:33:05.006-05:00  INFO 30884 --- [           main] o.a.c.c.C.[Tomcat].[localhost].[/]       : Initializing Spring embedded WebApplicationContext
2026-09-07T01:33:05.008-05:00  INFO 30884 --- [           main] w.s.c.ServletWebServerApplicationContext : Root WebApplicationContext: initialization completed in 1226 ms
2026-09-07T01:33:05.581-05:00  INFO 30884 --- [           main] o.a.c.c.C.[Tomcat].[localhost].[/]       : Initializing Spring TestDispatcherServlet ''
2026-09-07T01:33:05.582-05:00  INFO 30884 --- [           main] o.s.t.web.servlet.TestDispatcherServlet  : Initializing Servlet ''
2026-09-07T01:33:05.584-05:00  INFO 30884 --- [           main] o.s.t.web.servlet.TestDispatcherServlet  : Completed initialization in 1 ms
2026-09-07T01:33:05.698-05:00  INFO 30884 --- [           main] o.s.b.w.embedded.tomcat.TomcatWebServer  : Tomcat started on port 54211 (http) with context path '/'
2026-09-07T01:33:05.713-05:00  INFO 30884 --- [           main] e.w.r.c.ReservationControllerHttpAPITest : Started ReservationControllerHttpAPITest in 2.152 seconds (process running for 2.987)
]]></system-out>
  </testcase>
  <testcase name="testConcurrentOverlappingCreateRequestsRaceCondition" classname="ReservationController - HTTP API Endpoints" time="0.247">
    <system-out><![CDATA[
  .   ____          _            __ _ _
 /\\ / ___'_ __ _ _(_)_ __  __ _ \ \ \ \
( ( )\___ | '_ | '_| | '_ \/ _` | \ \ \ \
 \\/  ___)| |_)| | | | | || (_| |  ) ) ) )
  '  |____| .__|_| |_|_| |_\__, | / / / /
 =========|_|==============|___/=/_/_/_/

 :: Spring Boot ::                (v3.3.3)

2026-09-07T01:33:07.145-05:00  INFO 30884 --- [           main] e.w.r.c.ReservationControllerHttpAPITest : Starting ReservationControllerHttpAPITest using Java 17.0.18 with PID 30884 (started by avina in C:\Users\avina\Downloads\avinash-repo\workspace-reservation-service)
2026-09-07T01:33:07.145-05:00  INFO 30884 --- [           main] e.w.r.c.ReservationControllerHttpAPITest : No active profile set, falling back to 1 default profile: "default"
2026-09-07T01:33:07.357-05:00  INFO 30884 --- [           main] o.s.b.w.embedded.tomcat.TomcatWebServer  : Tomcat initialized with port 0 (http)
2026-09-07T01:33:07.359-05:00  INFO 30884 --- [           main] o.apache.catalina.core.StandardService   : Starting service [Tomcat]
2026-09-07T01:33:07.359-05:00  INFO 30884 --- [           main] o.apache.catalina.core.StandardEngine    : Starting Servlet engine: [Apache Tomcat/10.1.28]
2026-09-07T01:33:07.395-05:00  INFO 30884 --- [           main] o.a.c.c.C.[Tomcat].[localhost].[/]       : Initializing Spring embedded WebApplicationContext
2026-09-07T01:33:07.395-05:00  INFO 30884 --- [           main] w.s.c.ServletWebServerApplicationContext : Root WebApplicationContext: initialization completed in 248 ms
2026-09-07T01:33:07.517-05:00  INFO 30884 --- [           main] o.a.c.c.C.[Tomcat].[localhost].[/]       : Initializing Spring TestDispatcherServlet ''
2026-09-07T01:33:07.517-05:00  INFO 30884 --- [           main] o.s.t.web.servlet.TestDispatcherServlet  : Initializing Servlet ''
2026-09-07T01:33:07.518-05:00  INFO 30884 --- [           main] o.s.t.web.servlet.TestDispatcherServlet  : Completed initialization in 0 ms
2026-09-07T01:33:07.531-05:00  INFO 30884 --- [           main] o.s.b.w.embedded.tomcat.TomcatWebServer  : Tomcat started on port 54213 (http) with context path '/'
2026-09-07T01:33:07.535-05:00  INFO 30884 --- [           main] e.w.r.c.ReservationControllerHttpAPITest : Started ReservationControllerHttpAPITest in 0.415 seconds (process running for 4.808)
]]></system-out>
  </testcase>
  <testcase name="testCreateReservationWithOverlapOnSameWorkspaceReturns409" classname="ReservationController - HTTP API Endpoints" time="0.331">
    <system-out><![CDATA[
  .   ____          _            __ _ _
 /\\ / ___'_ __ _ _(_)_ __  __ _ \ \ \ \
( ( )\___ | '_ | '_| | '_ \/ _` | \ \ \ \
 \\/  ___)| |_)| | | | | || (_| |  ) ) ) )
  '  |____| .__|_| |_|_| |_\__, | / / / /
 =========|_|==============|___/=/_/_/_/

 :: Spring Boot ::                (v3.3.3)

2026-09-07T01:33:07.830-05:00  INFO 30884 --- [           main] e.w.r.c.ReservationControllerHttpAPITest : Starting ReservationControllerHttpAPITest using Java 17.0.18 with PID 30884 (started by avina in C:\Users\avina\Downloads\avinash-repo\workspace-reservation-service)
2026-09-07T01:33:07.831-05:00  INFO 30884 --- [           main] e.w.r.c.ReservationControllerHttpAPITest : No active profile set, falling back to 1 default profile: "default"
2026-09-07T01:33:08.066-05:00  INFO 30884 --- [           main] o.s.b.w.embedded.tomcat.TomcatWebServer  : Tomcat initialized with port 0 (http)
2026-09-07T01:33:08.068-05:00  INFO 30884 --- [           main] o.apache.catalina.core.StandardService   : Starting service [Tomcat]
2026-09-07T01:33:08.069-05:00  INFO 30884 --- [           main] o.apache.catalina.core.StandardEngine    : Starting Servlet engine: [Apache Tomcat/10.1.28]
2026-09-07T01:33:08.095-05:00  INFO 30884 --- [           main] o.a.c.c.C.[Tomcat].[localhost].[/]       : Initializing Spring embedded WebApplicationContext
2026-09-07T01:33:08.096-05:00  INFO 30884 --- [           main] w.s.c.ServletWebServerApplicationContext : Root WebApplicationContext: initialization completed in 261 ms
2026-09-07T01:33:08.184-05:00  INFO 30884 --- [           main] o.a.c.c.C.[Tomcat].[localhost].[/]       : Initializing Spring TestDispatcherServlet ''
2026-09-07T01:33:08.184-05:00  INFO 30884 --- [           main] o.s.t.web.servlet.TestDispatcherServlet  : Initializing Servlet ''
2026-09-07T01:33:08.185-05:00  INFO 30884 --- [           main] o.s.t.web.servlet.TestDispatcherServlet  : Completed initialization in 1 ms
2026-09-07T01:33:08.202-05:00  INFO 30884 --- [           main] o.s.b.w.embedded.tomcat.TomcatWebServer  : Tomcat started on port 54215 (http) with context path '/'
2026-09-07T01:33:08.207-05:00  INFO 30884 --- [           main] e.w.r.c.ReservationControllerHttpAPITest : Started ReservationControllerHttpAPITest in 0.419 seconds (process running for 5.481)
]]></system-out>
  </testcase>
  <testcase name="testGetAfterDeleteShowsCancelledStatus" classname="ReservationController - HTTP API Endpoints" time="0.299">
    <system-out><![CDATA[
  .   ____          _            __ _ _
 /\\ / ___'_ __ _ _(_)_ __  __ _ \ \ \ \
( ( )\___ | '_ | '_| | '_ \/ _` | \ \ \ \
 \\/  ___)| |_)| | | | | || (_| |  ) ) ) )
  '  |____| .__|_| |_|_| |_\__, | / / / /
 =========|_|==============|___/=/_/_/_/

 :: Spring Boot ::                (v3.3.3)

2026-09-07T01:33:08.568-05:00  INFO 30884 --- [           main] e.w.r.c.ReservationControllerHttpAPITest : Starting ReservationControllerHttpAPITest using Java 17.0.18 with PID 30884 (started by avina in C:\Users\avina\Downloads\avinash-repo\workspace-reservation-service)
2026-09-07T01:33:08.569-05:00  INFO 30884 --- [           main] e.w.r.c.ReservationControllerHttpAPITest : No active profile set, falling back to 1 default profile: "default"
2026-09-07T01:33:08.886-05:00  INFO 30884 --- [           main] o.s.b.w.embedded.tomcat.TomcatWebServer  : Tomcat initialized with port 0 (http)
2026-09-07T01:33:08.887-05:00  INFO 30884 --- [           main] o.apache.catalina.core.StandardService   : Starting service [Tomcat]
2026-09-07T01:33:08.888-05:00  INFO 30884 --- [           main] o.apache.catalina.core.StandardEngine    : Starting Servlet engine: [Apache Tomcat/10.1.28]
2026-09-07T01:33:08.921-05:00  INFO 30884 --- [           main] o.a.c.c.C.[Tomcat].[localhost].[/]       : Initializing Spring embedded WebApplicationContext
2026-09-07T01:33:08.921-05:00  INFO 30884 --- [           main] w.s.c.ServletWebServerApplicationContext : Root WebApplicationContext: initialization completed in 349 ms
2026-09-07T01:33:09.037-05:00  INFO 30884 --- [           main] o.a.c.c.C.[Tomcat].[localhost].[/]       : Initializing Spring TestDispatcherServlet ''
2026-09-07T01:33:09.037-05:00  INFO 30884 --- [           main] o.s.t.web.servlet.TestDispatcherServlet  : Initializing Servlet ''
2026-09-07T01:33:09.038-05:00  INFO 30884 --- [           main] o.s.t.web.servlet.TestDispatcherServlet  : Completed initialization in 1 ms
2026-09-07T01:33:09.062-05:00  INFO 30884 --- [           main] o.s.b.w.embedded.tomcat.TomcatWebServer  : Tomcat started on port 54217 (http) with context path '/'
2026-09-07T01:33:09.068-05:00  INFO 30884 --- [           main] e.w.r.c.ReservationControllerHttpAPITest : Started ReservationControllerHttpAPITest in 0.52 seconds (process running for 6.341)
]]></system-out>
  </testcase>
  <testcase name="testGetReservationResponseHasAllFields" classname="ReservationController - HTTP API Endpoints" time="0.204">
    <system-out><![CDATA[
  .   ____          _            __ _ _
 /\\ / ___'_ __ _ _(_)_ __  __ _ \ \ \ \
( ( )\___ | '_ | '_| | '_ \/ _` | \ \ \ \
 \\/  ___)| |_)| | | | | || (_| |  ) ) ) )
  '  |____| .__|_| |_|_| |_\__, | / / / /
 =========|_|==============|___/=/_/_/_/

 :: Spring Boot ::                (v3.3.3)

2026-09-07T01:33:09.403-05:00  INFO 30884 --- [           main] e.w.r.c.ReservationControllerHttpAPITest : Starting ReservationControllerHttpAPITest using Java 17.0.18 with PID 30884 (started by avina in C:\Users\avina\Downloads\avinash-repo\workspace-reservation-service)
2026-09-07T01:33:09.403-05:00  INFO 30884 --- [           main] e.w.r.c.ReservationControllerHttpAPITest : No active profile set, falling back to 1 default profile: "default"
2026-09-07T01:33:09.645-05:00  INFO 30884 --- [           main] o.s.b.w.embedded.tomcat.TomcatWebServer  : Tomcat initialized with port 0 (http)
2026-09-07T01:33:09.646-05:00  INFO 30884 --- [           main] o.apache.catalina.core.StandardService   : Starting service [Tomcat]
2026-09-07T01:33:09.647-05:00  INFO 30884 --- [           main] o.apache.catalina.core.StandardEngine    : Starting Servlet engine: [Apache Tomcat/10.1.28]
2026-09-07T01:33:09.667-05:00  INFO 30884 --- [           main] o.a.c.c.C.[Tomcat].[localhost].[/]       : Initializing Spring embedded WebApplicationContext
2026-09-07T01:33:09.667-05:00  INFO 30884 --- [           main] w.s.c.ServletWebServerApplicationContext : Root WebApplicationContext: initialization completed in 261 ms
2026-09-07T01:33:09.735-05:00  INFO 30884 --- [           main] o.a.c.c.C.[Tomcat].[localhost].[/]       : Initializing Spring TestDispatcherServlet ''
2026-09-07T01:33:09.735-05:00  INFO 30884 --- [           main] o.s.t.web.servlet.TestDispatcherServlet  : Initializing Servlet ''
2026-09-07T01:33:09.736-05:00  INFO 30884 --- [           main] o.s.t.web.servlet.TestDispatcherServlet  : Completed initialization in 0 ms
2026-09-07T01:33:09.752-05:00  INFO 30884 --- [           main] o.s.b.w.embedded.tomcat.TomcatWebServer  : Tomcat started on port 54219 (http) with context path '/'
2026-09-07T01:33:09.760-05:00  INFO 30884 --- [           main] e.w.r.c.ReservationControllerHttpAPITest : Started ReservationControllerHttpAPITest in 0.388 seconds (process running for 7.033)
]]></system-out>
  </testcase>
  <testcase name="testCreateReservationGeneratesUniqueIds" classname="ReservationController - HTTP API Endpoints" time="0.24">
    <system-out><![CDATA[
  .   ____          _            __ _ _
 /\\ / ___'_ __ _ _(_)_ __  __ _ \ \ \ \
( ( )\___ | '_ | '_| | '_ \/ _` | \ \ \ \
 \\/  ___)| |_)| | | | | || (_| |  ) ) ) )
  '  |____| .__|_| |_|_| |_\__, | / / / /
 =========|_|==============|___/=/_/_/_/

 :: Spring Boot ::                (v3.3.3)

2026-09-07T01:33:09.986-05:00  INFO 30884 --- [           main] e.w.r.c.ReservationControllerHttpAPITest : Starting ReservationControllerHttpAPITest using Java 17.0.18 with PID 30884 (started by avina in C:\Users\avina\Downloads\avinash-repo\workspace-reservation-service)
2026-09-07T01:33:09.986-05:00  INFO 30884 --- [           main] e.w.r.c.ReservationControllerHttpAPITest : No active profile set, falling back to 1 default profile: "default"
2026-09-07T01:33:10.157-05:00  INFO 30884 --- [           main] o.s.b.w.embedded.tomcat.TomcatWebServer  : Tomcat initialized with port 0 (http)
2026-09-07T01:33:10.159-05:00  INFO 30884 --- [           main] o.apache.catalina.core.StandardService   : Starting service [Tomcat]
2026-09-07T01:33:10.159-05:00  INFO 30884 --- [           main] o.apache.catalina.core.StandardEngine    : Starting Servlet engine: [Apache Tomcat/10.1.28]
2026-09-07T01:33:10.180-05:00  INFO 30884 --- [           main] o.a.c.c.C.[Tomcat].[localhost].[/]       : Initializing Spring embedded WebApplicationContext
2026-09-07T01:33:10.181-05:00  INFO 30884 --- [           main] w.s.c.ServletWebServerApplicationContext : Root WebApplicationContext: initialization completed in 193 ms
2026-09-07T01:33:10.262-05:00  INFO 30884 --- [           main] o.a.c.c.C.[Tomcat].[localhost].[/]       : Initializing Spring TestDispatcherServlet ''
2026-09-07T01:33:10.263-05:00  INFO 30884 --- [           main] o.s.t.web.servlet.TestDispatcherServlet  : Initializing Servlet ''
2026-09-07T01:33:10.264-05:00  INFO 30884 --- [           main] o.s.t.web.servlet.TestDispatcherServlet  : Completed initialization in 1 ms
2026-09-07T01:33:10.280-05:00  INFO 30884 --- [           main] o.s.b.w.embedded.tomcat.TomcatWebServer  : Tomcat started on port 54221 (http) with context path '/'
2026-09-07T01:33:10.283-05:00  INFO 30884 --- [           main] e.w.r.c.ReservationControllerHttpAPITest : Started ReservationControllerHttpAPITest in 0.313 seconds (process running for 7.556)
]]></system-out>
  </testcase>
  <testcase name="testPostResponseHasContentType" classname="ReservationController - HTTP API Endpoints" time="0.184">
    <system-out><![CDATA[
  .   ____          _            __ _ _
 /\\ / ___'_ __ _ _(_)_ __  __ _ \ \ \ \
( ( )\___ | '_ | '_| | '_ \/ _` | \ \ \ \
 \\/  ___)| |_)| | | | | || (_| |  ) ) ) )
  '  |____| .__|_| |_|_| |_\__, | / / / /
 =========|_|==============|___/=/_/_/_/

 :: Spring Boot ::                (v3.3.3)

2026-09-07T01:33:10.557-05:00  INFO 30884 --- [           main] e.w.r.c.ReservationControllerHttpAPITest : Starting ReservationControllerHttpAPITest using Java 17.0.18 with PID 30884 (started by avina in C:\Users\avina\Downloads\avinash-repo\workspace-reservation-service)
2026-09-07T01:33:10.558-05:00  INFO 30884 --- [           main] e.w.r.c.ReservationControllerHttpAPITest : No active profile set, falling back to 1 default profile: "default"
2026-09-07T01:33:10.739-05:00  INFO 30884 --- [           main] o.s.b.w.embedded.tomcat.TomcatWebServer  : Tomcat initialized with port 0 (http)
2026-09-07T01:33:10.740-05:00  INFO 30884 --- [           main] o.apache.catalina.core.StandardService   : Starting service [Tomcat]
2026-09-07T01:33:10.741-05:00  INFO 30884 --- [           main] o.apache.catalina.core.StandardEngine    : Starting Servlet engine: [Apache Tomcat/10.1.28]
2026-09-07T01:33:10.769-05:00  INFO 30884 --- [           main] o.a.c.c.C.[Tomcat].[localhost].[/]       : Initializing Spring embedded WebApplicationContext
2026-09-07T01:33:10.770-05:00  INFO 30884 --- [           main] w.s.c.ServletWebServerApplicationContext : Root WebApplicationContext: initialization completed in 210 ms
2026-09-07T01:33:10.832-05:00  INFO 30884 --- [           main] o.a.c.c.C.[Tomcat].[localhost].[/]       : Initializing Spring TestDispatcherServlet ''
2026-09-07T01:33:10.833-05:00  INFO 30884 --- [           main] o.s.t.web.servlet.TestDispatcherServlet  : Initializing Servlet ''
2026-09-07T01:33:10.833-05:00  INFO 30884 --- [           main] o.s.t.web.servlet.TestDispatcherServlet  : Completed initialization in 0 ms
2026-09-07T01:33:10.843-05:00  INFO 30884 --- [           main] o.s.b.w.embedded.tomcat.TomcatWebServer  : Tomcat started on port 54223 (http) with context path '/'
2026-09-07T01:33:10.847-05:00  INFO 30884 --- [           main] e.w.r.c.ReservationControllerHttpAPITest : Started ReservationControllerHttpAPITest in 0.319 seconds (process running for 8.12)
]]></system-out>
  </testcase>
  <testcase name="testCreateReservationWithAdjacentTimesReturns201" classname="ReservationController - HTTP API Endpoints" time="0.32">
    <system-out><![CDATA[
  .   ____          _            __ _ _
 /\\ / ___'_ __ _ _(_)_ __  __ _ \ \ \ \
( ( )\___ | '_ | '_| | '_ \/ _` | \ \ \ \
 \\/  ___)| |_)| | | | | || (_| |  ) ) ) )
  '  |____| .__|_| |_|_| |_\__, | / / / /
 =========|_|==============|___/=/_/_/_/

 :: Spring Boot ::                (v3.3.3)

2026-09-07T01:33:11.058-05:00  INFO 30884 --- [           main] e.w.r.c.ReservationControllerHttpAPITest : Starting ReservationControllerHttpAPITest using Java 17.0.18 with PID 30884 (started by avina in C:\Users\avina\Downloads\avinash-repo\workspace-reservation-service)
2026-09-07T01:33:11.058-05:00  INFO 30884 --- [           main] e.w.r.c.ReservationControllerHttpAPITest : No active profile set, falling back to 1 default profile: "default"
2026-09-07T01:33:11.278-05:00  INFO 30884 --- [           main] o.s.b.w.embedded.tomcat.TomcatWebServer  : Tomcat initialized with port 0 (http)
2026-09-07T01:33:11.282-05:00  INFO 30884 --- [           main] o.apache.catalina.core.StandardService   : Starting service [Tomcat]
2026-09-07T01:33:11.283-05:00  INFO 30884 --- [           main] o.apache.catalina.core.StandardEngine    : Starting Servlet engine: [Apache Tomcat/10.1.28]
2026-09-07T01:33:11.307-05:00  INFO 30884 --- [           main] o.a.c.c.C.[Tomcat].[localhost].[/]       : Initializing Spring embedded WebApplicationContext
2026-09-07T01:33:11.308-05:00  INFO 30884 --- [           main] w.s.c.ServletWebServerApplicationContext : Root WebApplicationContext: initialization completed in 247 ms
2026-09-07T01:33:11.410-05:00  INFO 30884 --- [           main] o.a.c.c.C.[Tomcat].[localhost].[/]       : Initializing Spring TestDispatcherServlet ''
2026-09-07T01:33:11.410-05:00  INFO 30884 --- [           main] o.s.t.web.servlet.TestDispatcherServlet  : Initializing Servlet ''
2026-09-07T01:33:11.411-05:00  INFO 30884 --- [           main] o.s.t.web.servlet.TestDispatcherServlet  : Completed initialization in 1 ms
2026-09-07T01:33:11.428-05:00  INFO 30884 --- [           main] o.s.b.w.embedded.tomcat.TomcatWebServer  : Tomcat started on port 54225 (http) with context path '/'
2026-09-07T01:33:11.431-05:00  INFO 30884 --- [           main] e.w.r.c.ReservationControllerHttpAPITest : Started ReservationControllerHttpAPITest in 0.395 seconds (process running for 8.704)
]]></system-out>
  </testcase>
  <testcase name="testDeleteCancelledReservationReturns204" classname="ReservationController - HTTP API Endpoints" time="0.183">
    <system-out><![CDATA[
  .   ____          _            __ _ _
 /\\ / ___'_ __ _ _(_)_ __  __ _ \ \ \ \
( ( )\___ | '_ | '_| | '_ \/ _` | \ \ \ \
 \\/  ___)| |_)| | | | | || (_| |  ) ) ) )
  '  |____| .__|_| |_|_| |_\__, | / / / /
 =========|_|==============|___/=/_/_/_/

 :: Spring Boot ::                (v3.3.3)

2026-09-07T01:33:11.782-05:00  INFO 30884 --- [           main] e.w.r.c.ReservationControllerHttpAPITest : Starting ReservationControllerHttpAPITest using Java 17.0.18 with PID 30884 (started by avina in C:\Users\avina\Downloads\avinash-repo\workspace-reservation-service)
2026-09-07T01:33:11.782-05:00  INFO 30884 --- [           main] e.w.r.c.ReservationControllerHttpAPITest : No active profile set, falling back to 1 default profile: "default"
2026-09-07T01:33:11.968-05:00  INFO 30884 --- [           main] o.s.b.w.embedded.tomcat.TomcatWebServer  : Tomcat initialized with port 0 (http)
2026-09-07T01:33:11.969-05:00  INFO 30884 --- [           main] o.apache.catalina.core.StandardService   : Starting service [Tomcat]
2026-09-07T01:33:11.969-05:00  INFO 30884 --- [           main] o.apache.catalina.core.StandardEngine    : Starting Servlet engine: [Apache Tomcat/10.1.28]
2026-09-07T01:33:11.986-05:00  INFO 30884 --- [           main] o.a.c.c.C.[Tomcat].[localhost].[/]       : Initializing Spring embedded WebApplicationContext
2026-09-07T01:33:11.987-05:00  INFO 30884 --- [           main] w.s.c.ServletWebServerApplicationContext : Root WebApplicationContext: initialization completed in 203 ms
2026-09-07T01:33:12.047-05:00  INFO 30884 --- [           main] o.a.c.c.C.[Tomcat].[localhost].[/]       : Initializing Spring TestDispatcherServlet ''
2026-09-07T01:33:12.047-05:00  INFO 30884 --- [           main] o.s.t.web.servlet.TestDispatcherServlet  : Initializing Servlet ''
2026-09-07T01:33:12.047-05:00  INFO 30884 --- [           main] o.s.t.web.servlet.TestDispatcherServlet  : Completed initialization in 0 ms
2026-09-07T01:33:12.060-05:00  INFO 30884 --- [           main] o.s.b.w.embedded.tomcat.TomcatWebServer  : Tomcat started on port 54227 (http) with context path '/'
2026-09-07T01:33:12.063-05:00  INFO 30884 --- [           main] e.w.r.c.ReservationControllerHttpAPITest : Started ReservationControllerHttpAPITest in 0.306 seconds (process running for 9.336)
]]></system-out>
  </testcase>
  <testcase name="testDeleteActiveReservationReturns204" classname="ReservationController - HTTP API Endpoints" time="0.204">
    <system-out><![CDATA[
  .   ____          _            __ _ _
 /\\ / ___'_ __ _ _(_)_ __  __ _ \ \ \ \
( ( )\___ | '_ | '_| | '_ \/ _` | \ \ \ \
 \\/  ___)| |_)| | | | | || (_| |  ) ) ) )
  '  |____| .__|_| |_|_| |_\__, | / / / /
 =========|_|==============|___/=/_/_/_/

 :: Spring Boot ::                (v3.3.3)

2026-09-07T01:33:12.269-05:00  INFO 30884 --- [           main] e.w.r.c.ReservationControllerHttpAPITest : Starting ReservationControllerHttpAPITest using Java 17.0.18 with PID 30884 (started by avina in C:\Users\avina\Downloads\avinash-repo\workspace-reservation-service)
2026-09-07T01:33:12.270-05:00  INFO 30884 --- [           main] e.w.r.c.ReservationControllerHttpAPITest : No active profile set, falling back to 1 default profile: "default"
2026-09-07T01:33:12.446-05:00  INFO 30884 --- [           main] o.s.b.w.embedded.tomcat.TomcatWebServer  : Tomcat initialized with port 0 (http)
2026-09-07T01:33:12.448-05:00  INFO 30884 --- [           main] o.apache.catalina.core.StandardService   : Starting service [Tomcat]
2026-09-07T01:33:12.448-05:00  INFO 30884 --- [           main] o.apache.catalina.core.StandardEngine    : Starting Servlet engine: [Apache Tomcat/10.1.28]
2026-09-07T01:33:12.470-05:00  INFO 30884 --- [           main] o.a.c.c.C.[Tomcat].[localhost].[/]       : Initializing Spring embedded WebApplicationContext
2026-09-07T01:33:12.471-05:00  INFO 30884 --- [           main] w.s.c.ServletWebServerApplicationContext : Root WebApplicationContext: initialization completed in 200 ms
2026-09-07T01:33:12.531-05:00  INFO 30884 --- [           main] o.a.c.c.C.[Tomcat].[localhost].[/]       : Initializing Spring TestDispatcherServlet ''
2026-09-07T01:33:12.531-05:00  INFO 30884 --- [           main] o.s.t.web.servlet.TestDispatcherServlet  : Initializing Servlet ''
2026-09-07T01:33:12.532-05:00  INFO 30884 --- [           main] o.s.t.web.servlet.TestDispatcherServlet  : Completed initialization in 1 ms
2026-09-07T01:33:12.546-05:00  INFO 30884 --- [           main] o.s.b.w.embedded.tomcat.TomcatWebServer  : Tomcat started on port 55437 (http) with context path '/'
2026-09-07T01:33:12.549-05:00  INFO 30884 --- [           main] e.w.r.c.ReservationControllerHttpAPITest : Started ReservationControllerHttpAPITest in 0.297 seconds (process running for 9.822)
]]></system-out>
  </testcase>
  <testcase name="testErrorResponseStructure" classname="ReservationController - HTTP API Endpoints" time="0.184">
    <system-out><![CDATA[
  .   ____          _            __ _ _
 /\\ / ___'_ __ _ _(_)_ __  __ _ \ \ \ \
( ( )\___ | '_ | '_| | '_ \/ _` | \ \ \ \
 \\/  ___)| |_)| | | | | || (_| |  ) ) ) )
  '  |____| .__|_| |_|_| |_\__, | / / / /
 =========|_|==============|___/=/_/_/_/

 :: Spring Boot ::                (v3.3.3)

2026-09-07T01:33:12.772-05:00  INFO 30884 --- [           main] e.w.r.c.ReservationControllerHttpAPITest : Starting ReservationControllerHttpAPITest using Java 17.0.18 with PID 30884 (started by avina in C:\Users\avina\Downloads\avinash-repo\workspace-reservation-service)
2026-09-07T01:33:12.772-05:00  INFO 30884 --- [           main] e.w.r.c.ReservationControllerHttpAPITest : No active profile set, falling back to 1 default profile: "default"
2026-09-07T01:33:12.932-05:00  INFO 30884 --- [           main] o.s.b.w.embedded.tomcat.TomcatWebServer  : Tomcat initialized with port 0 (http)
2026-09-07T01:33:12.933-05:00  INFO 30884 --- [           main] o.apache.catalina.core.StandardService   : Starting service [Tomcat]
2026-09-07T01:33:12.933-05:00  INFO 30884 --- [           main] o.apache.catalina.core.StandardEngine    : Starting Servlet engine: [Apache Tomcat/10.1.28]
2026-09-07T01:33:12.953-05:00  INFO 30884 --- [           main] o.a.c.c.C.[Tomcat].[localhost].[/]       : Initializing Spring embedded WebApplicationContext
2026-09-07T01:33:12.954-05:00  INFO 30884 --- [           main] w.s.c.ServletWebServerApplicationContext : Root WebApplicationContext: initialization completed in 181 ms
2026-09-07T01:33:13.005-05:00  INFO 30884 --- [           main] o.a.c.c.C.[Tomcat].[localhost].[/]       : Initializing Spring TestDispatcherServlet ''
2026-09-07T01:33:13.006-05:00  INFO 30884 --- [           main] o.s.t.web.servlet.TestDispatcherServlet  : Initializing Servlet ''
2026-09-07T01:33:13.007-05:00  INFO 30884 --- [           main] o.s.t.web.servlet.TestDispatcherServlet  : Completed initialization in 1 ms
2026-09-07T01:33:13.018-05:00  INFO 30884 --- [           main] o.s.b.w.embedded.tomcat.TomcatWebServer  : Tomcat started on port 55439 (http) with context path '/'
2026-09-07T01:33:13.021-05:00  INFO 30884 --- [           main] e.w.r.c.ReservationControllerHttpAPITest : Started ReservationControllerHttpAPITest in 0.265 seconds (process running for 10.293)
]]></system-out>
  </testcase>
  <testcase name="testConcurrentAdjacentCreateRequestsBothSucceed" classname="ReservationController - HTTP API Endpoints" time="0.255">
    <system-out><![CDATA[
  .   ____          _            __ _ _
 /\\ / ___'_ __ _ _(_)_ __  __ _ \ \ \ \
( ( )\___ | '_ | '_| | '_ \/ _` | \ \ \ \
 \\/  ___)| |_)| | | | | || (_| |  ) ) ) )
  '  |____| .__|_| |_|_| |_\__, | / / / /
 =========|_|==============|___/=/_/_/_/

 :: Spring Boot ::                (v3.3.3)

2026-09-07T01:33:13.221-05:00  INFO 30884 --- [           main] e.w.r.c.ReservationControllerHttpAPITest : Starting ReservationControllerHttpAPITest using Java 17.0.18 with PID 30884 (started by avina in C:\Users\avina\Downloads\avinash-repo\workspace-reservation-service)
2026-09-07T01:33:13.222-05:00  INFO 30884 --- [           main] e.w.r.c.ReservationControllerHttpAPITest : No active profile set, falling back to 1 default profile: "default"
2026-09-07T01:33:13.349-05:00  INFO 30884 --- [           main] o.s.b.w.embedded.tomcat.TomcatWebServer  : Tomcat initialized with port 0 (http)
2026-09-07T01:33:13.350-05:00  INFO 30884 --- [           main] o.apache.catalina.core.StandardService   : Starting service [Tomcat]
2026-09-07T01:33:13.351-05:00  INFO 30884 --- [           main] o.apache.catalina.core.StandardEngine    : Starting Servlet engine: [Apache Tomcat/10.1.28]
2026-09-07T01:33:13.369-05:00  INFO 30884 --- [           main] o.a.c.c.C.[Tomcat].[localhost].[/]       : Initializing Spring embedded WebApplicationContext
2026-09-07T01:33:13.370-05:00  INFO 30884 --- [           main] w.s.c.ServletWebServerApplicationContext : Root WebApplicationContext: initialization completed in 147 ms
2026-09-07T01:33:13.430-05:00  INFO 30884 --- [           main] o.a.c.c.C.[Tomcat].[localhost].[/]       : Initializing Spring TestDispatcherServlet ''
2026-09-07T01:33:13.430-05:00  INFO 30884 --- [           main] o.s.t.web.servlet.TestDispatcherServlet  : Initializing Servlet ''
2026-09-07T01:33:13.431-05:00  INFO 30884 --- [           main] o.s.t.web.servlet.TestDispatcherServlet  : Completed initialization in 0 ms
2026-09-07T01:33:13.439-05:00  INFO 30884 --- [           main] o.s.b.w.embedded.tomcat.TomcatWebServer  : Tomcat started on port 55441 (http) with context path '/'
2026-09-07T01:33:13.445-05:00  INFO 30884 --- [           main] e.w.r.c.ReservationControllerHttpAPITest : Started ReservationControllerHttpAPITest in 0.237 seconds (process running for 10.718)
]]></system-out>
  </testcase>
  <testcase name="testCreateReservationDifferentWorkspacesDoNotConflict" classname="ReservationController - HTTP API Endpoints" time="0.267">
    <system-out><![CDATA[
  .   ____          _            __ _ _
 /\\ / ___'_ __ _ _(_)_ __  __ _ \ \ \ \
( ( )\___ | '_ | '_| | '_ \/ _` | \ \ \ \
 \\/  ___)| |_)| | | | | || (_| |  ) ) ) )
  '  |____| .__|_| |_|_| |_\__, | / / / /
 =========|_|==============|___/=/_/_/_/

 :: Spring Boot ::                (v3.3.3)

2026-09-07T01:33:13.717-05:00  INFO 30884 --- [           main] e.w.r.c.ReservationControllerHttpAPITest : Starting ReservationControllerHttpAPITest using Java 17.0.18 with PID 30884 (started by avina in C:\Users\avina\Downloads\avinash-repo\workspace-reservation-service)
2026-09-07T01:33:13.717-05:00  INFO 30884 --- [           main] e.w.r.c.ReservationControllerHttpAPITest : No active profile set, falling back to 1 default profile: "default"
2026-09-07T01:33:13.841-05:00  INFO 30884 --- [           main] o.s.b.w.embedded.tomcat.TomcatWebServer  : Tomcat initialized with port 0 (http)
2026-09-07T01:33:13.842-05:00  INFO 30884 --- [           main] o.apache.catalina.core.StandardService   : Starting service [Tomcat]
2026-09-07T01:33:13.842-05:00  INFO 30884 --- [           main] o.apache.catalina.core.StandardEngine    : Starting Servlet engine: [Apache Tomcat/10.1.28]
2026-09-07T01:33:13.867-05:00  INFO 30884 --- [           main] o.a.c.c.C.[Tomcat].[localhost].[/]       : Initializing Spring embedded WebApplicationContext
2026-09-07T01:33:13.867-05:00  INFO 30884 --- [           main] w.s.c.ServletWebServerApplicationContext : Root WebApplicationContext: initialization completed in 148 ms
2026-09-07T01:33:13.925-05:00  INFO 30884 --- [           main] o.a.c.c.C.[Tomcat].[localhost].[/]       : Initializing Spring TestDispatcherServlet ''
2026-09-07T01:33:13.925-05:00  INFO 30884 --- [           main] o.s.t.web.servlet.TestDispatcherServlet  : Initializing Servlet ''
2026-09-07T01:33:13.926-05:00  INFO 30884 --- [           main] o.s.t.web.servlet.TestDispatcherServlet  : Completed initialization in 1 ms
2026-09-07T01:33:13.938-05:00  INFO 30884 --- [           main] o.s.b.w.embedded.tomcat.TomcatWebServer  : Tomcat started on port 55443 (http) with context path '/'
2026-09-07T01:33:13.941-05:00  INFO 30884 --- [           main] e.w.r.c.ReservationControllerHttpAPITest : Started ReservationControllerHttpAPITest in 0.237 seconds (process running for 11.214)
]]></system-out>
  </testcase>
  <testcase name="testGetReservationReturns200" classname="ReservationController - HTTP API Endpoints" time="0.217">
    <system-out><![CDATA[
  .   ____          _            __ _ _
 /\\ / ___'_ __ _ _(_)_ __  __ _ \ \ \ \
( ( )\___ | '_ | '_| | '_ \/ _` | \ \ \ \
 \\/  ___)| |_)| | | | | || (_| |  ) ) ) )
  '  |____| .__|_| |_|_| |_\__, | / / / /
 =========|_|==============|___/=/_/_/_/

 :: Spring Boot ::                (v3.3.3)

2026-09-07T01:33:14.238-05:00  INFO 30884 --- [           main] e.w.r.c.ReservationControllerHttpAPITest : Starting ReservationControllerHttpAPITest using Java 17.0.18 with PID 30884 (started by avina in C:\Users\avina\Downloads\avinash-repo\workspace-reservation-service)
2026-09-07T01:33:14.239-05:00  INFO 30884 --- [           main] e.w.r.c.ReservationControllerHttpAPITest : No active profile set, falling back to 1 default profile: "default"
2026-09-07T01:33:14.390-05:00  INFO 30884 --- [           main] o.s.b.w.embedded.tomcat.TomcatWebServer  : Tomcat initialized with port 0 (http)
2026-09-07T01:33:14.391-05:00  INFO 30884 --- [           main] o.apache.catalina.core.StandardService   : Starting service [Tomcat]
2026-09-07T01:33:14.392-05:00  INFO 30884 --- [           main] o.apache.catalina.core.StandardEngine    : Starting Servlet engine: [Apache Tomcat/10.1.28]
2026-09-07T01:33:14.412-05:00  INFO 30884 --- [           main] o.a.c.c.C.[Tomcat].[localhost].[/]       : Initializing Spring embedded WebApplicationContext
2026-09-07T01:33:14.413-05:00  INFO 30884 --- [           main] w.s.c.ServletWebServerApplicationContext : Root WebApplicationContext: initialization completed in 171 ms
2026-09-07T01:33:14.473-05:00  INFO 30884 --- [           main] o.a.c.c.C.[Tomcat].[localhost].[/]       : Initializing Spring TestDispatcherServlet ''
2026-09-07T01:33:14.473-05:00  INFO 30884 --- [           main] o.s.t.web.servlet.TestDispatcherServlet  : Initializing Servlet ''
2026-09-07T01:33:14.473-05:00  INFO 30884 --- [           main] o.s.t.web.servlet.TestDispatcherServlet  : Completed initialization in 0 ms
2026-09-07T01:33:14.488-05:00  INFO 30884 --- [           main] o.s.b.w.embedded.tomcat.TomcatWebServer  : Tomcat started on port 55445 (http) with context path '/'
2026-09-07T01:33:14.491-05:00  INFO 30884 --- [           main] e.w.r.c.ReservationControllerHttpAPITest : Started ReservationControllerHttpAPITest in 0.277 seconds (process running for 11.764)
]]></system-out>
  </testcase>
  <testcase name="testErrorResponsesHaveJsonContentType" classname="ReservationController - HTTP API Endpoints" time="0.245">
    <system-out><![CDATA[
  .   ____          _            __ _ _
 /\\ / ___'_ __ _ _(_)_ __  __ _ \ \ \ \
( ( )\___ | '_ | '_| | '_ \/ _` | \ \ \ \
 \\/  ___)| |_)| | | | | || (_| |  ) ) ) )
  '  |____| .__|_| |_|_| |_\__, | / / / /
 =========|_|==============|___/=/_/_/_/

 :: Spring Boot ::                (v3.3.3)

2026-09-07T01:33:14.729-05:00  INFO 30884 --- [           main] e.w.r.c.ReservationControllerHttpAPITest : Starting ReservationControllerHttpAPITest using Java 17.0.18 with PID 30884 (started by avina in C:\Users\avina\Downloads\avinash-repo\workspace-reservation-service)
2026-09-07T01:33:14.729-05:00  INFO 30884 --- [           main] e.w.r.c.ReservationControllerHttpAPITest : No active profile set, falling back to 1 default profile: "default"
2026-09-07T01:33:14.886-05:00  INFO 30884 --- [           main] o.s.b.w.embedded.tomcat.TomcatWebServer  : Tomcat initialized with port 0 (http)
2026-09-07T01:33:14.888-05:00  INFO 30884 --- [           main] o.apache.catalina.core.StandardService   : Starting service [Tomcat]
2026-09-07T01:33:14.888-05:00  INFO 30884 --- [           main] o.apache.catalina.core.StandardEngine    : Starting Servlet engine: [Apache Tomcat/10.1.28]
2026-09-07T01:33:14.911-05:00  INFO 30884 --- [           main] o.a.c.c.C.[Tomcat].[localhost].[/]       : Initializing Spring embedded WebApplicationContext
2026-09-07T01:33:14.911-05:00  INFO 30884 --- [           main] w.s.c.ServletWebServerApplicationContext : Root WebApplicationContext: initialization completed in 179 ms
2026-09-07T01:33:14.962-05:00  INFO 30884 --- [           main] o.a.c.c.C.[Tomcat].[localhost].[/]       : Initializing Spring TestDispatcherServlet ''
2026-09-07T01:33:14.962-05:00  INFO 30884 --- [           main] o.s.t.web.servlet.TestDispatcherServlet  : Initializing Servlet ''
2026-09-07T01:33:14.963-05:00  INFO 30884 --- [           main] o.s.t.web.servlet.TestDispatcherServlet  : Completed initialization in 1 ms
2026-09-07T01:33:14.976-05:00  INFO 30884 --- [           main] o.s.b.w.embedded.tomcat.TomcatWebServer  : Tomcat started on port 55447 (http) with context path '/'
2026-09-07T01:33:14.980-05:00  INFO 30884 --- [           main] e.w.r.c.ReservationControllerHttpAPITest : Started ReservationControllerHttpAPITest in 0.267 seconds (process running for 12.253)
]]></system-out>
  </testcase>
  <testcase name="testCreateReservationWithValidDataReturns201" classname="ReservationController - HTTP API Endpoints" time="0.178">
    <system-out><![CDATA[
  .   ____          _            __ _ _
 /\\ / ___'_ __ _ _(_)_ __  __ _ \ \ \ \
( ( )\___ | '_ | '_| | '_ \/ _` | \ \ \ \
 \\/  ___)| |_)| | | | | || (_| |  ) ) ) )
  '  |____| .__|_| |_|_| |_\__, | / / / /
 =========|_|==============|___/=/_/_/_/

 :: Spring Boot ::                (v3.3.3)

2026-09-07T01:33:15.264-05:00  INFO 30884 --- [           main] e.w.r.c.ReservationControllerHttpAPITest : Starting ReservationControllerHttpAPITest using Java 17.0.18 with PID 30884 (started by avina in C:\Users\avina\Downloads\avinash-repo\workspace-reservation-service)
2026-09-07T01:33:15.264-05:00  INFO 30884 --- [           main] e.w.r.c.ReservationControllerHttpAPITest : No active profile set, falling back to 1 default profile: "default"
2026-09-07T01:33:15.445-05:00  INFO 30884 --- [           main] o.s.b.w.embedded.tomcat.TomcatWebServer  : Tomcat initialized with port 0 (http)
2026-09-07T01:33:15.448-05:00  INFO 30884 --- [           main] o.apache.catalina.core.StandardService   : Starting service [Tomcat]
2026-09-07T01:33:15.448-05:00  INFO 30884 --- [           main] o.apache.catalina.core.StandardEngine    : Starting Servlet engine: [Apache Tomcat/10.1.28]
2026-09-07T01:33:15.475-05:00  INFO 30884 --- [           main] o.a.c.c.C.[Tomcat].[localhost].[/]       : Initializing Spring embedded WebApplicationContext
2026-09-07T01:33:15.475-05:00  INFO 30884 --- [           main] w.s.c.ServletWebServerApplicationContext : Root WebApplicationContext: initialization completed in 209 ms
2026-09-07T01:33:15.581-05:00  INFO 30884 --- [           main] o.a.c.c.C.[Tomcat].[localhost].[/]       : Initializing Spring TestDispatcherServlet ''
2026-09-07T01:33:15.582-05:00  INFO 30884 --- [           main] o.s.t.web.servlet.TestDispatcherServlet  : Initializing Servlet ''
2026-09-07T01:33:15.582-05:00  INFO 30884 --- [           main] o.s.t.web.servlet.TestDispatcherServlet  : Completed initialization in 0 ms
2026-09-07T01:33:15.603-05:00  INFO 30884 --- [           main] o.s.b.w.embedded.tomcat.TomcatWebServer  : Tomcat started on port 55449 (http) with context path '/'
2026-09-07T01:33:15.607-05:00  INFO 30884 --- [           main] e.w.r.c.ReservationControllerHttpAPITest : Started ReservationControllerHttpAPITest in 0.373 seconds (process running for 12.881)
]]></system-out>
  </testcase>
  <testcase name="testDeleteReservationResponseIsEmpty" classname="ReservationController - HTTP API Endpoints" time="0.185">
    <system-out><![CDATA[
  .   ____          _            __ _ _
 /\\ / ___'_ __ _ _(_)_ __  __ _ \ \ \ \
( ( )\___ | '_ | '_| | '_ \/ _` | \ \ \ \
 \\/  ___)| |_)| | | | | || (_| |  ) ) ) )
  '  |____| .__|_| |_|_| |_\__, | / / / /
 =========|_|==============|___/=/_/_/_/

 :: Spring Boot ::                (v3.3.3)

2026-09-07T01:33:15.808-05:00  INFO 30884 --- [           main] e.w.r.c.ReservationControllerHttpAPITest : Starting ReservationControllerHttpAPITest using Java 17.0.18 with PID 30884 (started by avina in C:\Users\avina\Downloads\avinash-repo\workspace-reservation-service)
2026-09-07T01:33:15.808-05:00  INFO 30884 --- [           main] e.w.r.c.ReservationControllerHttpAPITest : No active profile set, falling back to 1 default profile: "default"
2026-09-07T01:33:15.941-05:00  INFO 30884 --- [           main] o.s.b.w.embedded.tomcat.TomcatWebServer  : Tomcat initialized with port 0 (http)
2026-09-07T01:33:15.942-05:00  INFO 30884 --- [           main] o.apache.catalina.core.StandardService   : Starting service [Tomcat]
2026-09-07T01:33:15.942-05:00  INFO 30884 --- [           main] o.apache.catalina.core.StandardEngine    : Starting Servlet engine: [Apache Tomcat/10.1.28]
2026-09-07T01:33:15.958-05:00  INFO 30884 --- [           main] o.a.c.c.C.[Tomcat].[localhost].[/]       : Initializing Spring embedded WebApplicationContext
2026-09-07T01:33:15.958-05:00  INFO 30884 --- [           main] w.s.c.ServletWebServerApplicationContext : Root WebApplicationContext: initialization completed in 148 ms
2026-09-07T01:33:16.003-05:00  INFO 30884 --- [           main] o.a.c.c.C.[Tomcat].[localhost].[/]       : Initializing Spring TestDispatcherServlet ''
2026-09-07T01:33:16.003-05:00  INFO 30884 --- [           main] o.s.t.web.servlet.TestDispatcherServlet  : Initializing Servlet ''
2026-09-07T01:33:16.004-05:00  INFO 30884 --- [           main] o.s.t.web.servlet.TestDispatcherServlet  : Completed initialization in 1 ms
2026-09-07T01:33:16.014-05:00  INFO 30884 --- [           main] o.s.b.w.embedded.tomcat.TomcatWebServer  : Tomcat started on port 55451 (http) with context path '/'
2026-09-07T01:33:16.017-05:00  INFO 30884 --- [           main] e.w.r.c.ReservationControllerHttpAPITest : Started ReservationControllerHttpAPITest in 0.225 seconds (process running for 13.29)
]]></system-out>
  </testcase>
  <testcase name="testConcurrentDifferentWorkspacesCreatesBoth" classname="ReservationController - HTTP API Endpoints" time="0.18">
    <system-out><![CDATA[
  .   ____          _            __ _ _
 /\\ / ___'_ __ _ _(_)_ __  __ _ \ \ \ \
( ( )\___ | '_ | '_| | '_ \/ _` | \ \ \ \
 \\/  ___)| |_)| | | | | || (_| |  ) ) ) )
  '  |____| .__|_| |_|_| |_\__, | / / / /
 =========|_|==============|___/=/_/_/_/

 :: Spring Boot ::                (v3.3.3)

2026-09-07T01:33:16.220-05:00  INFO 30884 --- [           main] e.w.r.c.ReservationControllerHttpAPITest : Starting ReservationControllerHttpAPITest using Java 17.0.18 with PID 30884 (started by avina in C:\Users\avina\Downloads\avinash-repo\workspace-reservation-service)
2026-09-07T01:33:16.222-05:00  INFO 30884 --- [           main] e.w.r.c.ReservationControllerHttpAPITest : No active profile set, falling back to 1 default profile: "default"
2026-09-07T01:33:16.348-05:00  INFO 30884 --- [           main] o.s.b.w.embedded.tomcat.TomcatWebServer  : Tomcat initialized with port 0 (http)
2026-09-07T01:33:16.349-05:00  INFO 30884 --- [           main] o.apache.catalina.core.StandardService   : Starting service [Tomcat]
2026-09-07T01:33:16.350-05:00  INFO 30884 --- [           main] o.apache.catalina.core.StandardEngine    : Starting Servlet engine: [Apache Tomcat/10.1.28]
2026-09-07T01:33:16.366-05:00  INFO 30884 --- [           main] o.a.c.c.C.[Tomcat].[localhost].[/]       : Initializing Spring embedded WebApplicationContext
2026-09-07T01:33:16.367-05:00  INFO 30884 --- [           main] w.s.c.ServletWebServerApplicationContext : Root WebApplicationContext: initialization completed in 144 ms
2026-09-07T01:33:16.418-05:00  INFO 30884 --- [           main] o.a.c.c.C.[Tomcat].[localhost].[/]       : Initializing Spring TestDispatcherServlet ''
2026-09-07T01:33:16.419-05:00  INFO 30884 --- [           main] o.s.t.web.servlet.TestDispatcherServlet  : Initializing Servlet ''
2026-09-07T01:33:16.419-05:00  INFO 30884 --- [           main] o.s.t.web.servlet.TestDispatcherServlet  : Completed initialization in 0 ms
2026-09-07T01:33:16.428-05:00  INFO 30884 --- [           main] o.s.b.w.embedded.tomcat.TomcatWebServer  : Tomcat started on port 55453 (http) with context path '/'
2026-09-07T01:33:16.430-05:00  INFO 30884 --- [           main] e.w.r.c.ReservationControllerHttpAPITest : Started ReservationControllerHttpAPITest in 0.226 seconds (process running for 13.704)
]]></system-out>
  </testcase>
  <testcase name="testGetResponseHasContentType" classname="ReservationController - HTTP API Endpoints" time="0.158">
    <system-out><![CDATA[
  .   ____          _            __ _ _
 /\\ / ___'_ __ _ _(_)_ __  __ _ \ \ \ \
( ( )\___ | '_ | '_| | '_ \/ _` | \ \ \ \
 \\/  ___)| |_)| | | | | || (_| |  ) ) ) )
  '  |____| .__|_| |_|_| |_\__, | / / / /
 =========|_|==============|___/=/_/_/_/

 :: Spring Boot ::                (v3.3.3)

2026-09-07T01:33:16.629-05:00  INFO 30884 --- [           main] e.w.r.c.ReservationControllerHttpAPITest : Starting ReservationControllerHttpAPITest using Java 17.0.18 with PID 30884 (started by avina in C:\Users\avina\Downloads\avinash-repo\workspace-reservation-service)
2026-09-07T01:33:16.629-05:00  INFO 30884 --- [           main] e.w.r.c.ReservationControllerHttpAPITest : No active profile set, falling back to 1 default profile: "default"
2026-09-07T01:33:16.744-05:00  INFO 30884 --- [           main] o.s.b.w.embedded.tomcat.TomcatWebServer  : Tomcat initialized with port 0 (http)
2026-09-07T01:33:16.746-05:00  INFO 30884 --- [           main] o.apache.catalina.core.StandardService   : Starting service [Tomcat]
2026-09-07T01:33:16.746-05:00  INFO 30884 --- [           main] o.apache.catalina.core.StandardEngine    : Starting Servlet engine: [Apache Tomcat/10.1.28]
2026-09-07T01:33:16.762-05:00  INFO 30884 --- [           main] o.a.c.c.C.[Tomcat].[localhost].[/]       : Initializing Spring embedded WebApplicationContext
2026-09-07T01:33:16.762-05:00  INFO 30884 --- [           main] w.s.c.ServletWebServerApplicationContext : Root WebApplicationContext: initialization completed in 132 ms
2026-09-07T01:33:16.812-05:00  INFO 30884 --- [           main] o.a.c.c.C.[Tomcat].[localhost].[/]       : Initializing Spring TestDispatcherServlet ''
2026-09-07T01:33:16.813-05:00  INFO 30884 --- [           main] o.s.t.web.servlet.TestDispatcherServlet  : Initializing Servlet ''
2026-09-07T01:33:16.813-05:00  INFO 30884 --- [           main] o.s.t.web.servlet.TestDispatcherServlet  : Completed initialization in 0 ms
2026-09-07T01:33:16.823-05:00  INFO 30884 --- [           main] o.s.b.w.embedded.tomcat.TomcatWebServer  : Tomcat started on port 55455 (http) with context path '/'
2026-09-07T01:33:16.826-05:00  INFO 30884 --- [           main] e.w.r.c.ReservationControllerHttpAPITest : Started ReservationControllerHttpAPITest in 0.21 seconds (process running for 14.098)
]]></system-out>
  </testcase>
  <testcase name="testGetCancelledReservationReturns200" classname="ReservationController - HTTP API Endpoints" time="0.182">
    <system-out><![CDATA[
  .   ____          _            __ _ _
 /\\ / ___'_ __ _ _(_)_ __  __ _ \ \ \ \
( ( )\___ | '_ | '_| | '_ \/ _` | \ \ \ \
 \\/  ___)| |_)| | | | | || (_| |  ) ) ) )
  '  |____| .__|_| |_|_| |_\__, | / / / /
 =========|_|==============|___/=/_/_/_/

 :: Spring Boot ::                (v3.3.3)

2026-09-07T01:33:16.999-05:00  INFO 30884 --- [           main] e.w.r.c.ReservationControllerHttpAPITest : Starting ReservationControllerHttpAPITest using Java 17.0.18 with PID 30884 (started by avina in C:\Users\avina\Downloads\avinash-repo\workspace-reservation-service)
2026-09-07T01:33:16.999-05:00  INFO 30884 --- [           main] e.w.r.c.ReservationControllerHttpAPITest : No active profile set, falling back to 1 default profile: "default"
2026-09-07T01:33:17.090-05:00  INFO 30884 --- [           main] o.s.b.w.embedded.tomcat.TomcatWebServer  : Tomcat initialized with port 0 (http)
2026-09-07T01:33:17.091-05:00  INFO 30884 --- [           main] o.apache.catalina.core.StandardService   : Starting service [Tomcat]
2026-09-07T01:33:17.092-05:00  INFO 30884 --- [           main] o.apache.catalina.core.StandardEngine    : Starting Servlet engine: [Apache Tomcat/10.1.28]
2026-09-07T01:33:17.109-05:00  INFO 30884 --- [           main] o.a.c.c.C.[Tomcat].[localhost].[/]       : Initializing Spring embedded WebApplicationContext
2026-09-07T01:33:17.109-05:00  INFO 30884 --- [           main] w.s.c.ServletWebServerApplicationContext : Root WebApplicationContext: initialization completed in 109 ms
2026-09-07T01:33:17.147-05:00  INFO 30884 --- [           main] o.a.c.c.C.[Tomcat].[localhost].[/]       : Initializing Spring TestDispatcherServlet ''
2026-09-07T01:33:17.147-05:00  INFO 30884 --- [           main] o.s.t.web.servlet.TestDispatcherServlet  : Initializing Servlet ''
2026-09-07T01:33:17.147-05:00  INFO 30884 --- [           main] o.s.t.web.servlet.TestDispatcherServlet  : Completed initialization in 0 ms
2026-09-07T01:33:17.158-05:00  INFO 30884 --- [           main] o.s.b.w.embedded.tomcat.TomcatWebServer  : Tomcat started on port 55457 (http) with context path '/'
2026-09-07T01:33:17.160-05:00  INFO 30884 --- [           main] e.w.r.c.ReservationControllerHttpAPITest : Started ReservationControllerHttpAPITest in 0.173 seconds (process running for 14.433)
]]></system-out>
  </testcase>
  <testcase name="testCreateReservationDoesNotConflictWithCancelledReservation" classname="ReservationController - HTTP API Endpoints" time="0.175">
    <system-out><![CDATA[
  .   ____          _            __ _ _
 /\\ / ___'_ __ _ _(_)_ __  __ _ \ \ \ \
( ( )\___ | '_ | '_| | '_ \/ _` | \ \ \ \
 \\/  ___)| |_)| | | | | || (_| |  ) ) ) )
  '  |____| .__|_| |_|_| |_\__, | / / / /
 =========|_|==============|___/=/_/_/_/

 :: Spring Boot ::                (v3.3.3)

2026-09-07T01:33:17.355-05:00  INFO 30884 --- [           main] e.w.r.c.ReservationControllerHttpAPITest : Starting ReservationControllerHttpAPITest using Java 17.0.18 with PID 30884 (started by avina in C:\Users\avina\Downloads\avinash-repo\workspace-reservation-service)
2026-09-07T01:33:17.355-05:00  INFO 30884 --- [           main] e.w.r.c.ReservationControllerHttpAPITest : No active profile set, falling back to 1 default profile: "default"
2026-09-07T01:33:17.467-05:00  INFO 30884 --- [           main] o.s.b.w.embedded.tomcat.TomcatWebServer  : Tomcat initialized with port 0 (http)
2026-09-07T01:33:17.468-05:00  INFO 30884 --- [           main] o.apache.catalina.core.StandardService   : Starting service [Tomcat]
2026-09-07T01:33:17.469-05:00  INFO 30884 --- [           main] o.apache.catalina.core.StandardEngine    : Starting Servlet engine: [Apache Tomcat/10.1.28]
2026-09-07T01:33:17.484-05:00  INFO 30884 --- [           main] o.a.c.c.C.[Tomcat].[localhost].[/]       : Initializing Spring embedded WebApplicationContext
2026-09-07T01:33:17.484-05:00  INFO 30884 --- [           main] w.s.c.ServletWebServerApplicationContext : Root WebApplicationContext: initialization completed in 128 ms
2026-09-07T01:33:17.526-05:00  INFO 30884 --- [           main] o.a.c.c.C.[Tomcat].[localhost].[/]       : Initializing Spring TestDispatcherServlet ''
2026-09-07T01:33:17.526-05:00  INFO 30884 --- [           main] o.s.t.web.servlet.TestDispatcherServlet  : Initializing Servlet ''
2026-09-07T01:33:17.526-05:00  INFO 30884 --- [           main] o.s.t.web.servlet.TestDispatcherServlet  : Completed initialization in 0 ms
2026-09-07T01:33:17.535-05:00  INFO 30884 --- [           main] o.s.b.w.embedded.tomcat.TomcatWebServer  : Tomcat started on port 55459 (http) with context path '/'
2026-09-07T01:33:17.538-05:00  INFO 30884 --- [           main] e.w.r.c.ReservationControllerHttpAPITest : Started ReservationControllerHttpAPITest in 0.194 seconds (process running for 14.811)
]]></system-out>
  </testcase>
  <testcase name="testTimestampFormatPreservation" classname="ReservationController - HTTP API Endpoints" time="0.191">
    <system-out><![CDATA[
  .   ____          _            __ _ _
 /\\ / ___'_ __ _ _(_)_ __  __ _ \ \ \ \
( ( )\___ | '_ | '_| | '_ \/ _` | \ \ \ \
 \\/  ___)| |_)| | | | | || (_| |  ) ) ) )
  '  |____| .__|_| |_|_| |_\__, | / / / /
 =========|_|==============|___/=/_/_/_/

 :: Spring Boot ::                (v3.3.3)

2026-09-07T01:33:17.726-05:00  INFO 30884 --- [           main] e.w.r.c.ReservationControllerHttpAPITest : Starting ReservationControllerHttpAPITest using Java 17.0.18 with PID 30884 (started by avina in C:\Users\avina\Downloads\avinash-repo\workspace-reservation-service)
2026-09-07T01:33:17.726-05:00  INFO 30884 --- [           main] e.w.r.c.ReservationControllerHttpAPITest : No active profile set, falling back to 1 default profile: "default"
2026-09-07T01:33:17.816-05:00  INFO 30884 --- [           main] o.s.b.w.embedded.tomcat.TomcatWebServer  : Tomcat initialized with port 0 (http)
2026-09-07T01:33:17.818-05:00  INFO 30884 --- [           main] o.apache.catalina.core.StandardService   : Starting service [Tomcat]
2026-09-07T01:33:17.818-05:00  INFO 30884 --- [           main] o.apache.catalina.core.StandardEngine    : Starting Servlet engine: [Apache Tomcat/10.1.28]
2026-09-07T01:33:17.830-05:00  INFO 30884 --- [           main] o.a.c.c.C.[Tomcat].[localhost].[/]       : Initializing Spring embedded WebApplicationContext
2026-09-07T01:33:17.830-05:00  INFO 30884 --- [           main] w.s.c.ServletWebServerApplicationContext : Root WebApplicationContext: initialization completed in 103 ms
2026-09-07T01:33:17.865-05:00  INFO 30884 --- [           main] o.a.c.c.C.[Tomcat].[localhost].[/]       : Initializing Spring TestDispatcherServlet ''
2026-09-07T01:33:17.866-05:00  INFO 30884 --- [           main] o.s.t.web.servlet.TestDispatcherServlet  : Initializing Servlet ''
2026-09-07T01:33:17.866-05:00  INFO 30884 --- [           main] o.s.t.web.servlet.TestDispatcherServlet  : Completed initialization in 0 ms
2026-09-07T01:33:17.874-05:00  INFO 30884 --- [           main] o.s.b.w.embedded.tomcat.TomcatWebServer  : Tomcat started on port 55461 (http) with context path '/'
2026-09-07T01:33:17.877-05:00  INFO 30884 --- [           main] e.w.r.c.ReservationControllerHttpAPITest : Started ReservationControllerHttpAPITest in 0.162 seconds (process running for 15.151)
]]></system-out>
  </testcase>
</testsuite>