<?xml version="1.0" encoding="UTF-8"?>
<testsuite xmlns:xsi="http://www.w3.org/2001/XMLSchema-instance" xsi:noNamespaceSchemaLocation="https://maven.apache.org/surefire/maven-surefire-plugin/xsd/surefire-test-report.xsd" version="3.0.2" name="com.example.workspace.reservation.domain.ReservationTest" time="0.021" tests="7" errors="0" skipped="0" failures="0">
  <properties>
[...]
</properties>
  <testcase name="testEqualsReservationsWithSameIdAreEqual" classname="Reservation" time="0.0"/>
  <testcase name="testCreateSetsStatusToActive" classname="Reservation" time="0.001"/>
  <testcase name="testEqualsDifferentIdReservationsAreNotEqual" classname="Reservation" time="0.002"/>
  <testcase name="testCancelTransitionsActiveToCancelled" classname="Reservation" time="0.002"/>
  <testcase name="testCancelIdempotentMultipleCalls" classname="Reservation" time="0.001"/>
  <testcase name="testCreateGeneratesUniqueIds" classname="Reservation" time="0.004"/>
  <testcase name="testCreateStoresAllProperties" classname="Reservation" time="0.005"/>
</testsuite>